Using pre-set license
Built from '2020.3/staging' branch; Version is '2020.3.19f1 (68f137dc9bbe) revision 6877495'; Using compiler version '192528614'; Build Type 'Release'
OS: 'Windows 10 Home; OS build 19043.1237; Version 2009; 64bit' Language: 'nl' Physical Memory: 16271 MB
BatchMode: 1, IsHumanControllingUs: 0, StartBugReporterOnCrash: 0, Is64bit: 1, IsPro: 0

COMMAND LINE ARGUMENTS:
C:\Program Files\Unity\Hub\Editor\2020.3.19f1\Editor\Unity.exe
-adb2
-batchMode
-noUpm
-name
AssetImportWorker0
-projectPath
C:/Users/Eigenaar/Desktop/AP/2021-2022/3D Game Development/Solar System
-logFile
Logs/AssetImportWorker0.log
-srvPort
50796
Successfully changed project path to: C:/Users/Eigenaar/Desktop/AP/2021-2022/3D Game Development/Solar System
C:/Users/Eigenaar/Desktop/AP/2021-2022/3D Game Development/Solar System
Using Asset Import Pipeline V2.
Refreshing native plugins compatible for Editor in 80.37 ms, found 2 plugins.
Preloading 0 native plugins for Editor in 0.00 ms.
Initialize engine version: 2020.3.19f1 (68f137dc9bbe)
[Subsystems] Discovering subsystems at path C:/Program Files/Unity/Hub/Editor/2020.3.19f1/Editor/Data/Resources/UnitySubsystems
[Subsystems] Discovering subsystems at path C:/Users/Eigenaar/Desktop/AP/2021-2022/3D Game Development/Solar System/Assets
GfxDevice: creating device client; threaded=0
Direct3D:
    Version:  Direct3D 11.0 [level 11.0]
    Renderer: NVIDIA GeForce MX130 (ID=0x174d)
    Vendor:   
    VRAM:     2010 MB
    Driver:   27.21.14.6280
Initialize mono
Mono path[0] = 'C:/Program Files/Unity/Hub/Editor/2020.3.19f1/Editor/Data/Managed'
Mono path[1] = 'C:/Program Files/Unity/Hub/Editor/2020.3.19f1/Editor/Data/MonoBleedingEdge/lib/mono/unityjit'
Mono config path = 'C:/Program Files/Unity/Hub/Editor/2020.3.19f1/Editor/Data/MonoBleedingEdge/etc'
Using monoOptions --debugger-agent=transport=dt_socket,embedding=1,server=y,suspend=n,address=127.0.0.1:56184
Begin MonoManager ReloadAssembly
Registering precompiled unity dll's ...
Register platform support module: C:/Program Files/Unity/Hub/Editor/2020.3.19f1/Editor/Data/PlaybackEngines/WindowsStandaloneSupport/UnityEditor.WindowsStandalone.Extensions.dll
Registered in 0.005521 seconds.
Native extension for WindowsStandalone target not found
Refreshing native plugins compatible for Editor in 78.10 ms, found 2 plugins.
Preloading 0 native plugins for Editor in 0.00 ms.
Mono: successfully reloaded assembly
- Completed reload, in  2.828 seconds
Domain Reload Profiling:
	ReloadAssembly (2829ms)
		BeginReloadAssembly (176ms)
			ExecutionOrderSort (0ms)
			DisableScriptedObjects (0ms)
			BackupInstance (0ms)
			ReleaseScriptingObjects (0ms)
			CreateAndSetChildDomain (2ms)
		EndReloadAssembly (1088ms)
			LoadAssemblies (169ms)
			RebuildTransferFunctionScriptingTraits (0ms)
			SetupTypeCache (406ms)
			ReleaseScriptCaches (0ms)
			RebuildScriptCaches (85ms)
			SetupLoadedEditorAssemblies (399ms)
				LogAssemblyErrors (0ms)
				InitializePlatformSupportModulesInManaged (10ms)
				SetLoadedEditorAssemblies (1ms)
				RefreshPlugins (78ms)
				BeforeProcessingInitializeOnLoad (44ms)
				ProcessInitializeOnLoadAttributes (196ms)
				ProcessInitializeOnLoadMethodAttributes (70ms)
				AfterProcessingInitializeOnLoad (0ms)
				EditorAssembliesLoaded (0ms)
			ExecutionOrderSort2 (0ms)
			AwakeInstancesAfterBackupRestoration (0ms)
Platform modules already initialized, skipping
Registering precompiled user dll's ...
Registered in 0.007833 seconds.
Begin MonoManager ReloadAssembly
Native extension for WindowsStandalone target not found
Refreshing native plugins compatible for Editor in 72.48 ms, found 2 plugins.
Preloading 0 native plugins for Editor in 0.00 ms.
Mono: successfully reloaded assembly
- Completed reload, in  2.760 seconds
Domain Reload Profiling:
	ReloadAssembly (2762ms)
		BeginReloadAssembly (387ms)
			ExecutionOrderSort (0ms)
			DisableScriptedObjects (12ms)
			BackupInstance (0ms)
			ReleaseScriptingObjects (0ms)
			CreateAndSetChildDomain (43ms)
		EndReloadAssembly (2205ms)
			LoadAssemblies (233ms)
			RebuildTransferFunctionScriptingTraits (0ms)
			SetupTypeCache (702ms)
			ReleaseScriptCaches (1ms)
			RebuildScriptCaches (104ms)
			SetupLoadedEditorAssemblies (866ms)
				LogAssemblyErrors (0ms)
				InitializePlatformSupportModulesInManaged (11ms)
				SetLoadedEditorAssemblies (0ms)
				RefreshPlugins (73ms)
				BeforeProcessingInitializeOnLoad (166ms)
				ProcessInitializeOnLoadAttributes (574ms)
				ProcessInitializeOnLoadMethodAttributes (22ms)
				AfterProcessingInitializeOnLoad (20ms)
				EditorAssembliesLoaded (1ms)
			ExecutionOrderSort2 (0ms)
			AwakeInstancesAfterBackupRestoration (18ms)
Platform modules already initialized, skipping
========================================================================
Worker process is ready to serve import requests
Launched and connected shader compiler UnityShaderCompiler.exe after 0.16 seconds
Refreshing native plugins compatible for Editor in 0.61 ms, found 2 plugins.
Preloading 0 native plugins for Editor in 0.00 ms.
Unloading 1507 Unused Serialized files (Serialized files now loaded: 0)
System memory in use before: 140.4 MB.
System memory in use after: 140.5 MB.

Unloading 16 unused Assets to reduce memory usage. Loaded Objects now: 1947.
Total: 5.977400 ms (FindLiveObjects: 0.281000 ms CreateObjectMapping: 0.097600 ms MarkObjects: 5.459700 ms  DeleteObjects: 0.137200 ms)

AssetImportParameters requested are different than current active one (requested -> active):
  custom:framework-win-MediaFoundation: 216162199b28c13a410421893ffa2e32 -> 
  custom:video-decoder-ogg-theora: a1e56fd34408186e4bbccfd4996cb3dc -> 
  custom:container-muxer-webm: aa71ff27fc2769a1b78a27578f13a17b -> 
  custom:container-demuxer-webm: 4f35f7cbe854078d1ac9338744f61a02 -> 
  custom:container-demuxer-ogg: 62fdf1f143b41e24485cea50d1cbac27 -> 
  custom:video-encoder-webm-vp8: eb34c28f22e8b96e1ab97ce403110664 -> 
  custom:video-decoder-webm-vp8: 9c59270c3fd7afecdb556c50c9e8de78 -> 
  custom:audio-decoder-ogg-vorbis: bf7c407c2cedff20999df2af8eb42d56 -> 
  custom:audio-encoder-webm-vorbis: bf7c407c2cedff20999df2af8eb42d56 -> 
========================================================================
Received Import Request.
  path: Assets/Texture/2k_uranus.jpg
  artifactKey: Guid(664890b6dd8420e4e9d21234dde59304) Importer(815301076,1909f56bfc062723c751e8b465ee728b)
Start importing Assets/Texture/2k_uranus.jpg using Guid(664890b6dd8420e4e9d21234dde59304) Importer(815301076,1909f56bfc062723c751e8b465ee728b)  -> (artifact id: '938f39b26d1f115bd29c13e39281941a') in 0.297293 seconds 
  Import took 0.303496 seconds .

========================================================================
Received Import Request.
  Time since last request: 0.000598 seconds.
  path: Assets/Texture/2k_mercury.jpg
  artifactKey: Guid(085fb60cf4cefd84583ad73874392e4b) Importer(815301076,1909f56bfc062723c751e8b465ee728b)
Start importing Assets/Texture/2k_mercury.jpg using Guid(085fb60cf4cefd84583ad73874392e4b) Importer(815301076,1909f56bfc062723c751e8b465ee728b)  -> (artifact id: 'b87b4dbca6d67e23b08b12c9ef66e582') in 0.040402 seconds 
  Import took 0.048704 seconds .

========================================================================
Received Import Request.
  Time since last request: 0.000478 seconds.
  path: Assets/Texture/2k_moon.jpg
  artifactKey: Guid(f0fb5dce3338e544fb9e49aab13b7d4f) Importer(815301076,1909f56bfc062723c751e8b465ee728b)
Start importing Assets/Texture/2k_moon.jpg using Guid(f0fb5dce3338e544fb9e49aab13b7d4f) Importer(815301076,1909f56bfc062723c751e8b465ee728b)  -> (artifact id: '9dc644fa450d6d4a2627081fb214949a') in 0.037725 seconds 
  Import took 0.046893 seconds .

========================================================================
Received Import Request.
  Time since last request: 0.000528 seconds.
  path: Assets/Texture/2k_jupiter.jpg
  artifactKey: Guid(0a85d1d3e7ecd614fbf9ab20d72150e0) Importer(815301076,1909f56bfc062723c751e8b465ee728b)
Start importing Assets/Texture/2k_jupiter.jpg using Guid(0a85d1d3e7ecd614fbf9ab20d72150e0) Importer(815301076,1909f56bfc062723c751e8b465ee728b)  -> (artifact id: 'a10654f40e30da4ef78463daa34f7380') in 0.037074 seconds 
  Import took 0.044398 seconds .

========================================================================
Received Import Request.
  Time since last request: 0.000519 seconds.
  path: Assets/Texture/2k_stars_milky_way.jpg
  artifactKey: Guid(07971c50214257546beb7c6837974ba5) Importer(815301076,1909f56bfc062723c751e8b465ee728b)
Start importing Assets/Texture/2k_stars_milky_way.jpg using Guid(07971c50214257546beb7c6837974ba5) Importer(815301076,1909f56bfc062723c751e8b465ee728b)  -> (artifact id: '25ba0eb31c284fdd9b3ffc80e8629dc4') in 0.031629 seconds 
  Import took 0.038052 seconds .

========================================================================
Received Import Request.
  Time since last request: 0.000573 seconds.
  path: Assets/Texture/2k_mars.jpg
  artifactKey: Guid(285c945e14c17034abed6699454a5ee4) Importer(815301076,1909f56bfc062723c751e8b465ee728b)
Start importing Assets/Texture/2k_mars.jpg using Guid(285c945e14c17034abed6699454a5ee4) Importer(815301076,1909f56bfc062723c751e8b465ee728b)  -> (artifact id: 'd90c28937af7edb3ee81879108a5ce04') in 0.029279 seconds 
  Import took 0.035067 seconds .

========================================================================
Received Import Request.
  Time since last request: 0.000495 seconds.
  path: Assets/Texture/2k_saturn.jpg
  artifactKey: Guid(e6c28d947ce6d7e4cae41623fd1e6cbf) Importer(815301076,1909f56bfc062723c751e8b465ee728b)
Start importing Assets/Texture/2k_saturn.jpg using Guid(e6c28d947ce6d7e4cae41623fd1e6cbf) Importer(815301076,1909f56bfc062723c751e8b465ee728b)  -> (artifact id: '848b9b1dad586eab792f229060ecc95a') in 0.034631 seconds 
  Import took 0.040557 seconds .

========================================================================
Received Import Request.
  Time since last request: 0.000421 seconds.
  path: Assets/Texture/2k_saturn_ring_alpha.png
  artifactKey: Guid(a40cb461e8043b844855861424245604) Importer(815301076,1909f56bfc062723c751e8b465ee728b)
Start importing Assets/Texture/2k_saturn_ring_alpha.png using Guid(a40cb461e8043b844855861424245604) Importer(815301076,1909f56bfc062723c751e8b465ee728b)  -> (artifact id: 'f16c9f9a50afe3454d44b53005bb554b') in 0.039187 seconds 
  Import took 0.044886 seconds .

========================================================================
Received Import Request.
  Time since last request: 0.000567 seconds.
  path: Assets/Texture/2k_neptune.jpg
  artifactKey: Guid(3d675f9091255214b875a83178dda483) Importer(815301076,1909f56bfc062723c751e8b465ee728b)
Start importing Assets/Texture/2k_neptune.jpg using Guid(3d675f9091255214b875a83178dda483) Importer(815301076,1909f56bfc062723c751e8b465ee728b)  -> (artifact id: 'a24bb457d4026fed60cd1eb40365349f') in 0.028779 seconds 
  Import took 0.034878 seconds .

========================================================================
Received Import Request.
  Time since last request: 0.000553 seconds.
  path: Assets/Texture/2k_venus_surface.jpg
  artifactKey: Guid(ae1e2b7289b6ad546b7cc132cddbcd2f) Importer(815301076,1909f56bfc062723c751e8b465ee728b)
Start importing Assets/Texture/2k_venus_surface.jpg using Guid(ae1e2b7289b6ad546b7cc132cddbcd2f) Importer(815301076,1909f56bfc062723c751e8b465ee728b)  -> (artifact id: 'b569f121642f907fae0a0abe289dc687') in 0.033481 seconds 
  Import took 0.038177 seconds .

========================================================================
Received Import Request.
  Time since last request: 0.000465 seconds.
  path: Assets/Texture/2k_earth_daymap.jpg
  artifactKey: Guid(6e02e7203fbd82a4a8f42091550ded08) Importer(815301076,1909f56bfc062723c751e8b465ee728b)
Start importing Assets/Texture/2k_earth_daymap.jpg using Guid(6e02e7203fbd82a4a8f42091550ded08) Importer(815301076,1909f56bfc062723c751e8b465ee728b)  -> (artifact id: '712e715034523e2469d360d0da33e2a3') in 0.029094 seconds 
  Import took 0.033938 seconds .

========================================================================
Received Import Request.
  Time since last request: 0.000492 seconds.
  path: Assets/Texture/2k_sun.jpg
  artifactKey: Guid(cf0e90bdde2c25c47bed09f23b32e6e7) Importer(815301076,1909f56bfc062723c751e8b465ee728b)
Start importing Assets/Texture/2k_sun.jpg using Guid(cf0e90bdde2c25c47bed09f23b32e6e7) Importer(815301076,1909f56bfc062723c751e8b465ee728b)  -> (artifact id: 'b0e0f1b3ea963bacf40d3f64326895a8') in 0.033815 seconds 
  Import took 0.040848 seconds .

AssetImportWorkerClient::OnTransportError - code=2 error=End of file
